# JRE version: Java(TM) SE Runtime Environment (21.0.10+8) (build 21.0.10+8-LTS-217)
# Java VM: Java HotSpot(TM) 64-Bit Server VM (21.0.10+8-LTS-217, mixed mode, sharing, tiered, compressed oops, compressed class ptrs, g1 gc, windows-amd64)
GC Precious Log:
 CardTable entry size: 512
 Card Set container configuration: InlinePtr #cards 4 size 8 Array Of Cards #cards 16 size 48 Howl #buckets 8 coarsen threshold 3686 Howl Bitmap #cards 512 size 80 coarsen threshold 460 Card regions per heap region 1 cards per card region 4096
 CPUs: 8 total, 8 available
 Memory: 15610M
 Large Page Support: Disabled
 NUMA Support: Disabled
 Compressed Oops: Enabled (Zero based)
 Heap Region Size: 2M
 Heap Min Capacity: 8M
 Heap Initial Capacity: 244M
 Heap Max Capacity: 3904M
 Pre-touch: Disabled
 Parallel Workers: 8
 Concurrent Workers: 2
 Concurrent Refinement Workers: 8
 Periodic GC: Disabled
Heap:
 garbage-first heap   total 122880K, used 85448K [0x000000070c000000, 0x0000000800000000)
  region size 2048K, 12 young (24576K), 1 survivors (2048K)
 Metaspace       used 30218K, committed 30528K, reserved 1114112K
  class space    used 4145K, committed 4288K, reserved 1048576K
GC Heap History (14 events):
Event: 0.819 GC heap before
{Heap before GC invocations=0 (full 0):
 garbage-first heap   total 249856K, used 20480K [0x000000070c000000, 0x0000000800000000)
  region size 2048K, 11 young (22528K), 0 survivors (0K)
 Metaspace       used 3898K, committed 4096K, reserved 1114112K
  class space    used 360K, committed 448K, reserved 1048576K
}
Event: 0.821 GC heap after
{Heap after GC invocations=1 (full 0):
 garbage-first heap   total 249856K, used 2889K [0x000000070c000000, 0x0000000800000000)
  region size 2048K, 2 young (4096K), 2 survivors (4096K)
 Metaspace       used 3898K, committed 4096K, reserved 1114112K
  class space    used 360K, committed 448K, reserved 1048576K
}
Event: 1.884 GC heap before
{Heap before GC invocations=1 (full 0):
 garbage-first heap   total 249856K, used 58185K [0x000000070c000000, 0x0000000800000000)
  region size 2048K, 21 young (43008K), 2 survivors (4096K)
 Metaspace       used 11727K, committed 11968K, reserved 1114112K
  class space    used 1729K, committed 1856K, reserved 1048576K
}
Event: 1.889 GC heap after
{Heap after GC invocations=2 (full 0):
 garbage-first heap   total 249856K, used 25337K [0x000000070c000000, 0x0000000800000000)
  region size 2048K, 3 young (6144K), 3 survivors (6144K)
 Metaspace       used 11727K, committed 11968K, reserved 1114112K
  class space    used 1729K, committed 1856K, reserved 1048576K
}
Event: 5.099 GC heap before
{Heap before GC invocations=2 (full 0):
 garbage-first heap   total 249856K, used 56057K [0x000000070c000000, 0x0000000800000000)
  region size 2048K, 19 young (38912K), 3 survivors (6144K)
 Metaspace       used 21289K, committed 21504K, reserved 1114112K
  class space    used 2904K, committed 3008K, reserved 1048576K
}
Event: 5.107 GC heap after
{Heap after GC invocations=3 (full 0):
 garbage-first heap   total 249856K, used 32016K [0x000000070c000000, 0x0000000800000000)
  region size 2048K, 6 young (12288K), 6 survivors (12288K)
 Metaspace       used 21289K, committed 21504K, reserved 1114112K
  class space    used 2904K, committed 3008K, reserved 1048576K
}
Event: 10.118 GC heap before
{Heap before GC invocations=4 (full 0):
 garbage-first heap   total 122880K, used 93456K [0x000000070c000000, 0x0000000800000000)
  region size 2048K, 36 young (73728K), 6 survivors (12288K)
 Metaspace       used 27785K, committed 28096K, reserved 1114112K
  class space    used 3927K, committed 4032K, reserved 1048576K
}
Event: 10.132 GC heap after
{Heap after GC invocations=5 (full 0):
 garbage-first heap   total 122880K, used 43769K [0x000000070c000000, 0x0000000800000000)
  region size 2048K, 5 young (10240K), 5 survivors (10240K)
 Metaspace       used 27785K, committed 28096K, reserved 1114112K
  class space    used 3927K, committed 4032K, reserved 1048576K
}
Event: 19.271 GC heap before
{Heap before GC invocations=5 (full 0):
 garbage-first heap   total 122880K, used 90873K [0x000000070c000000, 0x0000000800000000)
  region size 2048K, 29 young (59392K), 5 survivors (10240K)
 Metaspace       used 28978K, committed 29312K, reserved 1114112K
  class space    used 4018K, committed 4160K, reserved 1048576K
}
Event: 19.285 GC heap after
{Heap after GC invocations=6 (full 0):
 garbage-first heap   total 122880K, used 55054K [0x000000070c000000, 0x0000000800000000)
  region size 2048K, 4 young (8192K), 4 survivors (8192K)
 Metaspace       used 28978K, committed 29312K, reserved 1114112K
  class space    used 4018K, committed 4160K, reserved 1048576K
}
Event: 41.263 GC heap before
{Heap before GC invocations=6 (full 0):
 garbage-first heap   total 122880K, used 96014K [0x000000070c000000, 0x0000000800000000)
  region size 2048K, 25 young (51200K), 4 survivors (8192K)
 Metaspace       used 29321K, committed 29568K, reserved 1114112K
  class space    used 4024K, committed 4160K, reserved 1048576K
}
Event: 41.272 GC heap after
{Heap after GC invocations=7 (full 0):
 garbage-first heap   total 122880K, used 62981K [0x000000070c000000, 0x0000000800000000)
  region size 2048K, 4 young (8192K), 4 survivors (8192K)
 Metaspace       used 29321K, committed 29568K, reserved 1114112K
  class space    used 4024K, committed 4160K, reserved 1048576K
}
Event: 65.062 GC heap before
{Heap before GC invocations=7 (full 0):
 garbage-first heap   total 122880K, used 101893K [0x000000070c000000, 0x0000000800000000)
  region size 2048K, 23 young (47104K), 4 survivors (8192K)
 Metaspace       used 29811K, committed 30144K, reserved 1114112K
  class space    used 4065K, committed 4224K, reserved 1048576K
}
Event: 65.067 GC heap after
{Heap after GC invocations=8 (full 0):
 garbage-first heap   total 122880K, used 64968K [0x000000070c000000, 0x0000000800000000)
  region size 2048K, 1 young (2048K), 1 survivors (2048K)
 Metaspace       used 29811K, committed 30144K, reserved 1114112K
  class space    used 4065K, committed 4224K, reserved 1048576K
}

