# JRE version: Java(TM) SE Runtime Environment (21.0.10+8) (build 21.0.10+8-LTS-217)
# Java VM: Java HotSpot(TM) 64-Bit Server VM (21.0.10+8-LTS-217, mixed mode, sharing, tiered, compressed oops, compressed class ptrs, g1 gc, windows-amd64)
GC Precious Log:
 CardTable entry size: 512
 Card Set container configuration: InlinePtr #cards 4 size 8 Array Of Cards #cards 16 size 48 Howl #buckets 8 coarsen threshold 3686 Howl Bitmap #cards 512 size 80 coarsen threshold 460 Card regions per heap region 1 cards per card region 4096
 CPUs: 8 total, 8 available
 Memory: 15610M
 Large Page Support: Disabled
 NUMA Support: Disabled
 Compressed Oops: Enabled (Zero based)
 Heap Region Size: 2M
 Heap Min Capacity: 8M
 Heap Initial Capacity: 244M
 Heap Max Capacity: 3904M
 Pre-touch: Disabled
 Parallel Workers: 8
 Concurrent Workers: 2
 Concurrent Refinement Workers: 8
 Periodic GC: Disabled
Heap:
 garbage-first heap   total 108544K, used 49275K [0x000000070c000000, 0x0000000800000000)
  region size 2048K, 9 young (18432K), 4 survivors (8192K)
 Metaspace       used 31200K, committed 31616K, reserved 1114112K
  class space    used 3475K, committed 3712K, reserved 1048576K
GC Heap History (18 events):
Event: 1.339 GC heap before
{Heap before GC invocations=0 (full 0):
 garbage-first heap   total 249856K, used 22528K [0x000000070c000000, 0x0000000800000000)
  region size 2048K, 11 young (22528K), 0 survivors (0K)
 Metaspace       used 5635K, committed 5888K, reserved 1114112K
  class space    used 648K, committed 768K, reserved 1048576K
}
Event: 1.343 GC heap after
{Heap after GC invocations=1 (full 0):
 garbage-first heap   total 249856K, used 3889K [0x000000070c000000, 0x0000000800000000)
  region size 2048K, 2 young (4096K), 2 survivors (4096K)
 Metaspace       used 5635K, committed 5888K, reserved 1114112K
  class space    used 648K, committed 768K, reserved 1048576K
}
Event: 3.122 GC heap before
{Heap before GC invocations=1 (full 0):
 garbage-first heap   total 249856K, used 36657K [0x000000070c000000, 0x0000000800000000)
  region size 2048K, 18 young (36864K), 2 survivors (4096K)
 Metaspace       used 10152K, committed 10304K, reserved 1114112K
  class space    used 1195K, committed 1280K, reserved 1048576K
}
Event: 3.129 GC heap after
{Heap after GC invocations=2 (full 0):
 garbage-first heap   total 249856K, used 5688K [0x000000070c000000, 0x0000000800000000)
  region size 2048K, 1 young (2048K), 1 survivors (2048K)
 Metaspace       used 10152K, committed 10304K, reserved 1114112K
  class space    used 1195K, committed 1280K, reserved 1048576K
}
Event: 6.504 GC heap before
{Heap before GC invocations=2 (full 0):
 garbage-first heap   total 249856K, used 77368K [0x000000070c000000, 0x0000000800000000)
  region size 2048K, 38 young (77824K), 1 survivors (2048K)
 Metaspace       used 21261K, committed 21504K, reserved 1114112K
  class space    used 2492K, committed 2624K, reserved 1048576K
}
Event: 6.513 GC heap after
{Heap after GC invocations=3 (full 0):
 garbage-first heap   total 249856K, used 12995K [0x000000070c000000, 0x0000000800000000)
  region size 2048K, 5 young (10240K), 5 survivors (10240K)
 Metaspace       used 21261K, committed 21504K, reserved 1114112K
  class space    used 2492K, committed 2624K, reserved 1048576K
}
Event: 7.633 GC heap before
{Heap before GC invocations=4 (full 0):
 garbage-first heap   total 55296K, used 53955K [0x000000070c000000, 0x0000000800000000)
  region size 2048K, 24 young (49152K), 5 survivors (10240K)
 Metaspace       used 25802K, committed 26176K, reserved 1114112K
  class space    used 2955K, committed 3136K, reserved 1048576K
}
Event: 7.657 GC heap after
{Heap after GC invocations=5 (full 0):
 garbage-first heap   total 75776K, used 23197K [0x000000070c000000, 0x0000000800000000)
  region size 2048K, 10 young (20480K), 10 survivors (20480K)
 Metaspace       used 25802K, committed 26176K, reserved 1114112K
  class space    used 2955K, committed 3136K, reserved 1048576K
}
Event: 7.982 GC heap before
{Heap before GC invocations=5 (full 0):
 garbage-first heap   total 75776K, used 47773K [0x000000070c000000, 0x0000000800000000)
  region size 2048K, 22 young (45056K), 10 survivors (20480K)
 Metaspace       used 26086K, committed 26432K, reserved 1114112K
  class space    used 2958K, committed 3136K, reserved 1048576K
}
Event: 8.022 GC heap after
{Heap after GC invocations=6 (full 0):
 garbage-first heap   total 75776K, used 28672K [0x000000070c000000, 0x0000000800000000)
  region size 2048K, 3 young (6144K), 3 survivors (6144K)
 Metaspace       used 26086K, committed 26432K, reserved 1114112K
  class space    used 2958K, committed 3136K, reserved 1048576K
}
Event: 9.424 GC heap before
{Heap before GC invocations=6 (full 0):
 garbage-first heap   total 75776K, used 61440K [0x000000070c000000, 0x0000000800000000)
  region size 2048K, 18 young (36864K), 3 survivors (6144K)
 Metaspace       used 28411K, committed 28736K, reserved 1114112K
  class space    used 3208K, committed 3392K, reserved 1048576K
}
Event: 9.444 GC heap after
{Heap after GC invocations=7 (full 0):
 garbage-first heap   total 75776K, used 33792K [0x000000070c000000, 0x0000000800000000)
  region size 2048K, 2 young (4096K), 2 survivors (4096K)
 Metaspace       used 28411K, committed 28736K, reserved 1114112K
  class space    used 3208K, committed 3392K, reserved 1048576K
}
Event: 10.059 GC heap before
{Heap before GC invocations=7 (full 0):
 garbage-first heap   total 75776K, used 60416K [0x000000070c000000, 0x0000000800000000)
  region size 2048K, 15 young (30720K), 2 survivors (4096K)
 Metaspace       used 28636K, committed 29056K, reserved 1114112K
  class space    used 3215K, committed 3392K, reserved 1048576K
}
Event: 10.073 GC heap after
{Heap after GC invocations=8 (full 0):
 garbage-first heap   total 108544K, used 35855K [0x000000070c000000, 0x0000000800000000)
  region size 2048K, 1 young (2048K), 1 survivors (2048K)
 Metaspace       used 28636K, committed 29056K, reserved 1114112K
  class space    used 3215K, committed 3392K, reserved 1048576K
}
Event: 11.085 GC heap before
{Heap before GC invocations=8 (full 0):
 garbage-first heap   total 108544K, used 87055K [0x000000070c000000, 0x0000000800000000)
  region size 2048K, 26 young (53248K), 1 survivors (2048K)
 Metaspace       used 29326K, committed 29696K, reserved 1114112K
  class space    used 3252K, committed 3456K, reserved 1048576K
}
Event: 11.097 GC heap after
{Heap after GC invocations=9 (full 0):
 garbage-first heap   total 108544K, used 37945K [0x000000070c000000, 0x0000000800000000)
  region size 2048K, 2 young (4096K), 2 survivors (4096K)
 Metaspace       used 29326K, committed 29696K, reserved 1114112K
  class space    used 3252K, committed 3456K, reserved 1048576K
}
Event: 12.450 GC heap before
{Heap before GC invocations=9 (full 0):
 garbage-first heap   total 108544K, used 89145K [0x000000070c000000, 0x0000000800000000)
  region size 2048K, 27 young (55296K), 2 survivors (4096K)
 Metaspace       used 30414K, committed 30848K, reserved 1114112K
  class space    used 3361K, committed 3584K, reserved 1048576K
}
Event: 12.463 GC heap after
{Heap after GC invocations=10 (full 0):
 garbage-first heap   total 108544K, used 41083K [0x000000070c000000, 0x0000000800000000)
  region size 2048K, 4 young (8192K), 4 survivors (8192K)
 Metaspace       used 30414K, committed 30848K, reserved 1114112K
  class space    used 3361K, committed 3584K, reserved 1048576K
}

